2020-12-01 19:42:32.587655: I tensorflow/stream_executor/platform/default/dso_loader.cc:48] Successfully opened dynamic library cudart64_101.dll
2020-12-01 19:42:44.585651: I tensorflow/stream_executor/platform/default/dso_loader.cc:48] Successfully opened dynamic library nvcuda.dll
2020-12-01 19:42:44.663280: I tensorflow/core/common_runtime/gpu/gpu_device.cc:1716] Found device 0 with properties: 
pciBusID: 0000:01:00.0 name: GeForce GTX 1650 with Max-Q Design computeCapability: 7.5
coreClock: 1.245GHz coreCount: 16 deviceMemorySize: 4.00GiB deviceMemoryBandwidth: 104.34GiB/s
2020-12-01 19:42:44.664335: I tensorflow/stream_executor/platform/default/dso_loader.cc:48] Successfully opened dynamic library cudart64_101.dll
2020-12-01 19:42:44.700433: I tensorflow/stream_executor/platform/default/dso_loader.cc:48] Successfully opened dynamic library cublas64_10.dll
2020-12-01 19:42:44.734363: I tensorflow/stream_executor/platform/default/dso_loader.cc:48] Successfully opened dynamic library cufft64_10.dll
2020-12-01 19:42:44.745499: I tensorflow/stream_executor/platform/default/dso_loader.cc:48] Successfully opened dynamic library curand64_10.dll
2020-12-01 19:42:44.781592: I tensorflow/stream_executor/platform/default/dso_loader.cc:48] Successfully opened dynamic library cusolver64_10.dll
2020-12-01 19:42:44.810304: I tensorflow/stream_executor/platform/default/dso_loader.cc:48] Successfully opened dynamic library cusparse64_10.dll
2020-12-01 19:42:44.920536: I tensorflow/stream_executor/platform/default/dso_loader.cc:48] Successfully opened dynamic library cudnn64_7.dll
2020-12-01 19:42:44.921494: I tensorflow/core/common_runtime/gpu/gpu_device.cc:1858] Adding visible gpu devices: 0
2020-12-01 19:42:44.924168: I tensorflow/core/platform/cpu_feature_guard.cc:142] This TensorFlow binary is optimized with oneAPI Deep Neural Network Library (oneDNN)to use the following CPU instructions in performance-critical operations:  AVX2
To enable them in other operations, rebuild TensorFlow with the appropriate compiler flags.
2020-12-01 19:42:44.961494: I tensorflow/compiler/xla/service/service.cc:168] XLA service 0x27172d7fab0 initialized for platform Host (this does not guarantee that XLA will be used). Devices:
2020-12-01 19:42:44.962195: I tensorflow/compiler/xla/service/service.cc:176]   StreamExecutor device (0): Host, Default Version
2020-12-01 19:42:44.963753: I tensorflow/core/common_runtime/gpu/gpu_device.cc:1716] Found device 0 with properties: 
pciBusID: 0000:01:00.0 name: GeForce GTX 1650 with Max-Q Design computeCapability: 7.5
coreClock: 1.245GHz coreCount: 16 deviceMemorySize: 4.00GiB deviceMemoryBandwidth: 104.34GiB/s
2020-12-01 19:42:44.964827: I tensorflow/stream_executor/platform/default/dso_loader.cc:48] Successfully opened dynamic library cudart64_101.dll
2020-12-01 19:42:44.965334: I tensorflow/stream_executor/platform/default/dso_loader.cc:48] Successfully opened dynamic library cublas64_10.dll
2020-12-01 19:42:44.965823: I tensorflow/stream_executor/platform/default/dso_loader.cc:48] Successfully opened dynamic library cufft64_10.dll
2020-12-01 19:42:44.966322: I tensorflow/stream_executor/platform/default/dso_loader.cc:48] Successfully opened dynamic library curand64_10.dll
2020-12-01 19:42:44.966813: I tensorflow/stream_executor/platform/default/dso_loader.cc:48] Successfully opened dynamic library cusolver64_10.dll
2020-12-01 19:42:44.967324: I tensorflow/stream_executor/platform/default/dso_loader.cc:48] Successfully opened dynamic library cusparse64_10.dll
2020-12-01 19:42:44.967822: I tensorflow/stream_executor/platform/default/dso_loader.cc:48] Successfully opened dynamic library cudnn64_7.dll
2020-12-01 19:42:44.968354: I tensorflow/core/common_runtime/gpu/gpu_device.cc:1858] Adding visible gpu devices: 0
2020-12-01 19:42:46.174039: I tensorflow/core/common_runtime/gpu/gpu_device.cc:1257] Device interconnect StreamExecutor with strength 1 edge matrix:
2020-12-01 19:42:46.174579: I tensorflow/core/common_runtime/gpu/gpu_device.cc:1263]      0 
2020-12-01 19:42:46.174902: I tensorflow/core/common_runtime/gpu/gpu_device.cc:1276] 0:   N 
2020-12-01 19:42:46.176474: I tensorflow/core/common_runtime/gpu/gpu_device.cc:1402] Created TensorFlow device (/job:localhost/replica:0/task:0/device:GPU:0 with 2907 MB memory) -> physical GPU (device: 0, name: GeForce GTX 1650 with Max-Q Design, pci bus id: 0000:01:00.0, compute capability: 7.5)
2020-12-01 19:42:46.182539: I tensorflow/compiler/xla/service/service.cc:168] XLA service 0x27114efbcb0 initialized for platform CUDA (this does not guarantee that XLA will be used). Devices:
2020-12-01 19:42:46.183251: I tensorflow/compiler/xla/service/service.cc:176]   StreamExecutor device (0): GeForce GTX 1650 with Max-Q Design, Compute Capability 7.5
2020-12-01 19:42:47.033695: I tensorflow/stream_executor/platform/default/dso_loader.cc:48] Successfully opened dynamic library cublas64_10.dll
60000 train samples
10000 test samples
Model: "sequential"
_________________________________________________________________
Layer (type)                 Output Shape              Param #   
=================================================================
dense (Dense)                (None, 512)               401920    
_________________________________________________________________
dropout (Dropout)            (None, 512)               0         
_________________________________________________________________
dense_1 (Dense)              (None, 512)               262656    
_________________________________________________________________
dropout_1 (Dropout)          (None, 512)               0         
_________________________________________________________________
dense_2 (Dense)              (None, 10)                5130      
=================================================================
Total params: 669,706
Trainable params: 669,706
Non-trainable params: 0
_________________________________________________________________
Epoch 1/20

  1/469 [..............................] - ETA: 0s - loss: 2.3526 - accuracy: 0.0703
 15/469 [..............................] - ETA: 1s - loss: 1.1676 - accuracy: 0.6286
 31/469 [>.............................] - ETA: 1s - loss: 0.8420 - accuracy: 0.7354
 47/469 [==>...........................] - ETA: 1s - loss: 0.7024 - accuracy: 0.7796
 62/469 [==>...........................] - ETA: 1s - loss: 0.6248 - accuracy: 0.8029
 77/469 [===>..........................] - ETA: 1s - loss: 0.5631 - accuracy: 0.8226
 91/469 [====>.........................] - ETA: 1s - loss: 0.5242 - accuracy: 0.8348
105/469 [=====>........................] - ETA: 1s - loss: 0.4886 - accuracy: 0.8455
120/469 [======>.......................] - ETA: 1s - loss: 0.4567 - accuracy: 0.8558
133/469 [=======>......................] - ETA: 1s - loss: 0.4370 - accuracy: 0.8629
147/469 [========>.....................] - ETA: 1s - loss: 0.4174 - accuracy: 0.8697
160/469 [=========>....................] - ETA: 1s - loss: 0.4000 - accuracy: 0.8753
175/469 [==========>...................] - ETA: 1s - loss: 0.3886 - accuracy: 0.8794
191/469 [===========>..................] - ETA: 0s - loss: 0.3717 - accuracy: 0.8850
205/469 [============>.................] - ETA: 0s - loss: 0.3620 - accuracy: 0.8885
219/469 [=============>................] - ETA: 0s - loss: 0.3509 - accuracy: 0.8920
233/469 [=============>................] - ETA: 0s - loss: 0.3409 - accuracy: 0.8951
248/469 [==============>...............] - ETA: 0s - loss: 0.3311 - accuracy: 0.8980
262/469 [===============>..............] - ETA: 0s - loss: 0.3230 - accuracy: 0.9006
277/469 [================>.............] - ETA: 0s - loss: 0.3156 - accuracy: 0.9027
291/469 [=================>............] - ETA: 0s - loss: 0.3084 - accuracy: 0.9049
304/469 [==================>...........] - ETA: 0s - loss: 0.3024 - accuracy: 0.9067
319/469 [===================>..........] - ETA: 0s - loss: 0.2952 - accuracy: 0.9090
334/469 [====================>.........] - ETA: 0s - loss: 0.2889 - accuracy: 0.9110
349/469 [=====================>........] - ETA: 0s - loss: 0.2840 - accuracy: 0.9125
364/469 [======================>.......] - ETA: 0s - loss: 0.2785 - accuracy: 0.9141
380/469 [=======================>......] - ETA: 0s - loss: 0.2728 - accuracy: 0.9157
396/469 [========================>.....] - ETA: 0s - loss: 0.2675 - accuracy: 0.9175
411/469 [=========================>....] - ETA: 0s - loss: 0.2631 - accuracy: 0.9189
426/469 [==========================>...] - ETA: 0s - loss: 0.2588 - accuracy: 0.9204
442/469 [===========================>..] - ETA: 0s - loss: 0.2541 - accuracy: 0.9218
457/469 [============================>.] - ETA: 0s - loss: 0.2495 - accuracy: 0.9233
469/469 [==============================] - 2s 4ms/step - loss: 0.2473 - accuracy: 0.9241 - val_loss: 0.1244 - val_accuracy: 0.9609
Epoch 2/20

  1/469 [..............................] - ETA: 0s - loss: 0.0678 - accuracy: 0.9766
 15/469 [..............................] - ETA: 1s - loss: 0.0987 - accuracy: 0.9703
 28/469 [>.............................] - ETA: 1s - loss: 0.0993 - accuracy: 0.9710
 43/469 [=>............................] - ETA: 1s - loss: 0.1112 - accuracy: 0.9682
 58/469 [==>...........................] - ETA: 1s - loss: 0.1074 - accuracy: 0.9686
 73/469 [===>..........................] - ETA: 1s - loss: 0.1055 - accuracy: 0.9681
 87/469 [====>.........................] - ETA: 1s - loss: 0.1078 - accuracy: 0.9671
102/469 [=====>........................] - ETA: 1s - loss: 0.1053 - accuracy: 0.9674
117/469 [======>.......................] - ETA: 1s - loss: 0.1079 - accuracy: 0.9667
132/469 [=======>......................] - ETA: 1s - loss: 0.1073 - accuracy: 0.9670
148/469 [========>.....................] - ETA: 1s - loss: 0.1072 - accuracy: 0.9674
164/469 [=========>....................] - ETA: 1s - loss: 0.1050 - accuracy: 0.9681
180/469 [==========>...................] - ETA: 0s - loss: 0.1074 - accuracy: 0.9677
195/469 [===========>..................] - ETA: 0s - loss: 0.1066 - accuracy: 0.9676
211/469 [============>.................] - ETA: 0s - loss: 0.1076 - accuracy: 0.9671
226/469 [=============>................] - ETA: 0s - loss: 0.1082 - accuracy: 0.9673
241/469 [==============>...............] - ETA: 0s - loss: 0.1087 - accuracy: 0.9673
254/469 [===============>..............] - ETA: 0s - loss: 0.1080 - accuracy: 0.9673
265/469 [===============>..............] - ETA: 0s - loss: 0.1079 - accuracy: 0.9672
275/469 [================>.............] - ETA: 0s - loss: 0.1076 - accuracy: 0.9675
288/469 [=================>............] - ETA: 0s - loss: 0.1079 - accuracy: 0.9674
303/469 [==================>...........] - ETA: 0s - loss: 0.1077 - accuracy: 0.9675
319/469 [===================>..........] - ETA: 0s - loss: 0.1070 - accuracy: 0.9678
334/469 [====================>.........] - ETA: 0s - loss: 0.1060 - accuracy: 0.9680
349/469 [=====================>........] - ETA: 0s - loss: 0.1056 - accuracy: 0.9678
365/469 [======================>.......] - ETA: 0s - loss: 0.1050 - accuracy: 0.9679
381/469 [=======================>......] - ETA: 0s - loss: 0.1048 - accuracy: 0.9681
396/469 [========================>.....] - ETA: 0s - loss: 0.1044 - accuracy: 0.9681
412/469 [=========================>....] - ETA: 0s - loss: 0.1043 - accuracy: 0.9681
428/469 [==========================>...] - ETA: 0s - loss: 0.1046 - accuracy: 0.9681
444/469 [===========================>..] - ETA: 0s - loss: 0.1053 - accuracy: 0.9682
460/469 [============================>.] - ETA: 0s - loss: 0.1050 - accuracy: 0.9682
469/469 [==============================] - 2s 4ms/step - loss: 0.1047 - accuracy: 0.9683 - val_loss: 0.0881 - val_accuracy: 0.9727
Epoch 3/20

  1/469 [..............................] - ETA: 0s - loss: 0.0710 - accuracy: 0.9688
 17/469 [>.............................] - ETA: 1s - loss: 0.0622 - accuracy: 0.9793
 33/469 [=>............................] - ETA: 1s - loss: 0.0671 - accuracy: 0.9782
 48/469 [==>...........................] - ETA: 1s - loss: 0.0673 - accuracy: 0.9780
 64/469 [===>..........................] - ETA: 1s - loss: 0.0673 - accuracy: 0.9780
 80/469 [====>.........................] - ETA: 1s - loss: 0.0670 - accuracy: 0.9785
 95/469 [=====>........................] - ETA: 1s - loss: 0.0708 - accuracy: 0.9768
111/469 [======>.......................] - ETA: 1s - loss: 0.0690 - accuracy: 0.9777
127/469 [=======>......................] - ETA: 1s - loss: 0.0717 - accuracy: 0.9779
143/469 [========>.....................] - ETA: 1s - loss: 0.0711 - accuracy: 0.9781
158/469 [=========>....................] - ETA: 1s - loss: 0.0730 - accuracy: 0.9773
174/469 [==========>...................] - ETA: 0s - loss: 0.0728 - accuracy: 0.9773
189/469 [===========>..................] - ETA: 0s - loss: 0.0736 - accuracy: 0.9770
204/469 [============>.................] - ETA: 0s - loss: 0.0742 - accuracy: 0.9766
220/469 [=============>................] - ETA: 0s - loss: 0.0741 - accuracy: 0.9768
236/469 [==============>...............] - ETA: 0s - loss: 0.0740 - accuracy: 0.9771
252/469 [===============>..............] - ETA: 0s - loss: 0.0739 - accuracy: 0.9773
267/469 [================>.............] - ETA: 0s - loss: 0.0760 - accuracy: 0.9767
283/469 [=================>............] - ETA: 0s - loss: 0.0758 - accuracy: 0.9766
298/469 [==================>...........] - ETA: 0s - loss: 0.0755 - accuracy: 0.9768
314/469 [===================>..........] - ETA: 0s - loss: 0.0755 - accuracy: 0.9768
329/469 [====================>.........] - ETA: 0s - loss: 0.0764 - accuracy: 0.9766
344/469 [=====================>........] - ETA: 0s - loss: 0.0764 - accuracy: 0.9767
359/469 [=====================>........] - ETA: 0s - loss: 0.0767 - accuracy: 0.9766
375/469 [======================>.......] - ETA: 0s - loss: 0.0770 - accuracy: 0.9764
390/469 [=======================>......] - ETA: 0s - loss: 0.0769 - accuracy: 0.9763
405/469 [========================>.....] - ETA: 0s - loss: 0.0770 - accuracy: 0.9765
421/469 [=========================>....] - ETA: 0s - loss: 0.0778 - accuracy: 0.9764
438/469 [===========================>..] - ETA: 0s - loss: 0.0782 - accuracy: 0.9765
453/469 [===========================>..] - ETA: 0s - loss: 0.0779 - accuracy: 0.9765
468/469 [============================>.] - ETA: 0s - loss: 0.0775 - accuracy: 0.9767
469/469 [==============================] - 2s 4ms/step - loss: 0.0776 - accuracy: 0.9767 - val_loss: 0.0789 - val_accuracy: 0.9767
Epoch 4/20

  1/469 [..............................] - ETA: 0s - loss: 0.0417 - accuracy: 0.9844
 17/469 [>.............................] - ETA: 1s - loss: 0.0405 - accuracy: 0.9867
 33/469 [=>............................] - ETA: 1s - loss: 0.0579 - accuracy: 0.9813
 48/469 [==>...........................] - ETA: 1s - loss: 0.0587 - accuracy: 0.9821
 63/469 [===>..........................] - ETA: 1s - loss: 0.0606 - accuracy: 0.9818
 79/469 [====>.........................] - ETA: 1s - loss: 0.0612 - accuracy: 0.9819
 95/469 [=====>........................] - ETA: 1s - loss: 0.0596 - accuracy: 0.9817
111/469 [======>.......................] - ETA: 1s - loss: 0.0612 - accuracy: 0.9816
127/469 [=======>......................] - ETA: 1s - loss: 0.0617 - accuracy: 0.9817
142/469 [========>.....................] - ETA: 1s - loss: 0.0608 - accuracy: 0.9816
157/469 [=========>....................] - ETA: 1s - loss: 0.0595 - accuracy: 0.9818
173/469 [==========>...................] - ETA: 0s - loss: 0.0599 - accuracy: 0.9815
188/469 [===========>..................] - ETA: 0s - loss: 0.0602 - accuracy: 0.9814
204/469 [============>.................] - ETA: 0s - loss: 0.0594 - accuracy: 0.9817
220/469 [=============>................] - ETA: 0s - loss: 0.0594 - accuracy: 0.9817
236/469 [==============>...............] - ETA: 0s - loss: 0.0587 - accuracy: 0.9818
251/469 [===============>..............] - ETA: 0s - loss: 0.0591 - accuracy: 0.9817
267/469 [================>.............] - ETA: 0s - loss: 0.0600 - accuracy: 0.9814
283/469 [=================>............] - ETA: 0s - loss: 0.0597 - accuracy: 0.9815
297/469 [=================>............] - ETA: 0s - loss: 0.0598 - accuracy: 0.9815
313/469 [===================>..........] - ETA: 0s - loss: 0.0599 - accuracy: 0.9813
329/469 [====================>.........] - ETA: 0s - loss: 0.0589 - accuracy: 0.9817
344/469 [=====================>........] - ETA: 0s - loss: 0.0601 - accuracy: 0.9815
360/469 [======================>.......] - ETA: 0s - loss: 0.0600 - accuracy: 0.9815
376/469 [=======================>......] - ETA: 0s - loss: 0.0599 - accuracy: 0.9815
392/469 [========================>.....] - ETA: 0s - loss: 0.0603 - accuracy: 0.9814
408/469 [=========================>....] - ETA: 0s - loss: 0.0604 - accuracy: 0.9813
424/469 [==========================>...] - ETA: 0s - loss: 0.0607 - accuracy: 0.9812
440/469 [===========================>..] - ETA: 0s - loss: 0.0603 - accuracy: 0.9812
454/469 [============================>.] - ETA: 0s - loss: 0.0609 - accuracy: 0.9812
469/469 [==============================] - 2s 4ms/step - loss: 0.0611 - accuracy: 0.9814 - val_loss: 0.0766 - val_accuracy: 0.9767
Epoch 5/20

  1/469 [..............................] - ETA: 0s - loss: 0.0053 - accuracy: 1.0000
 17/469 [>.............................] - ETA: 1s - loss: 0.0494 - accuracy: 0.9848
 33/469 [=>............................] - ETA: 1s - loss: 0.0411 - accuracy: 0.9875
 48/469 [==>...........................] - ETA: 1s - loss: 0.0375 - accuracy: 0.9886
 64/469 [===>..........................] - ETA: 1s - loss: 0.0400 - accuracy: 0.9878
 80/469 [====>.........................] - ETA: 1s - loss: 0.0449 - accuracy: 0.9864
 94/469 [=====>........................] - ETA: 1s - loss: 0.0453 - accuracy: 0.9865
110/469 [======>.......................] - ETA: 1s - loss: 0.0451 - accuracy: 0.9859
126/469 [=======>......................] - ETA: 1s - loss: 0.0439 - accuracy: 0.9862
142/469 [========>.....................] - ETA: 1s - loss: 0.0448 - accuracy: 0.9861
157/469 [=========>....................] - ETA: 1s - loss: 0.0478 - accuracy: 0.9854
172/469 [==========>...................] - ETA: 0s - loss: 0.0476 - accuracy: 0.9855
187/469 [==========>...................] - ETA: 0s - loss: 0.0469 - accuracy: 0.9858
202/469 [===========>..................] - ETA: 0s - loss: 0.0481 - accuracy: 0.9855
217/469 [============>.................] - ETA: 0s - loss: 0.0474 - accuracy: 0.9856
233/469 [=============>................] - ETA: 0s - loss: 0.0480 - accuracy: 0.9854
247/469 [==============>...............] - ETA: 0s - loss: 0.0477 - accuracy: 0.9855
260/469 [===============>..............] - ETA: 0s - loss: 0.0484 - accuracy: 0.9854
275/469 [================>.............] - ETA: 0s - loss: 0.0487 - accuracy: 0.9854
292/469 [=================>............] - ETA: 0s - loss: 0.0480 - accuracy: 0.9856
308/469 [==================>...........] - ETA: 0s - loss: 0.0482 - accuracy: 0.9857
323/469 [===================>..........] - ETA: 0s - loss: 0.0487 - accuracy: 0.9856
339/469 [====================>.........] - ETA: 0s - loss: 0.0493 - accuracy: 0.9854
354/469 [=====================>........] - ETA: 0s - loss: 0.0496 - accuracy: 0.9853
370/469 [======================>.......] - ETA: 0s - loss: 0.0497 - accuracy: 0.9853
385/469 [=======================>......] - ETA: 0s - loss: 0.0501 - accuracy: 0.9854
401/469 [========================>.....] - ETA: 0s - loss: 0.0501 - accuracy: 0.9853
417/469 [=========================>....] - ETA: 0s - loss: 0.0500 - accuracy: 0.9853
434/469 [==========================>...] - ETA: 0s - loss: 0.0502 - accuracy: 0.9852
450/469 [===========================>..] - ETA: 0s - loss: 0.0506 - accuracy: 0.9852
466/469 [============================>.] - ETA: 0s - loss: 0.0510 - accuracy: 0.9850
469/469 [==============================] - 2s 4ms/step - loss: 0.0509 - accuracy: 0.9851 - val_loss: 0.0799 - val_accuracy: 0.9800
Epoch 6/20

  1/469 [..............................] - ETA: 0s - loss: 0.0595 - accuracy: 0.9766
 16/469 [>.............................] - ETA: 1s - loss: 0.0350 - accuracy: 0.9883
 32/469 [=>............................] - ETA: 1s - loss: 0.0335 - accuracy: 0.9880
 47/469 [==>...........................] - ETA: 1s - loss: 0.0352 - accuracy: 0.9874
 62/469 [==>...........................] - ETA: 1s - loss: 0.0407 - accuracy: 0.9865
 77/469 [===>..........................] - ETA: 1s - loss: 0.0383 - accuracy: 0.9869
 93/469 [====>.........................] - ETA: 1s - loss: 0.0378 - accuracy: 0.9873
108/469 [=====>........................] - ETA: 1s - loss: 0.0368 - accuracy: 0.9879
124/469 [======>.......................] - ETA: 1s - loss: 0.0397 - accuracy: 0.9877
140/469 [=======>......................] - ETA: 1s - loss: 0.0395 - accuracy: 0.9879
156/469 [========>.....................] - ETA: 1s - loss: 0.0399 - accuracy: 0.9879
171/469 [=========>....................] - ETA: 0s - loss: 0.0395 - accuracy: 0.9879
186/469 [==========>...................] - ETA: 0s - loss: 0.0381 - accuracy: 0.9882
201/469 [===========>..................] - ETA: 0s - loss: 0.0409 - accuracy: 0.9878
217/469 [============>.................] - ETA: 0s - loss: 0.0416 - accuracy: 0.9877
233/469 [=============>................] - ETA: 0s - loss: 0.0413 - accuracy: 0.9877
249/469 [==============>...............] - ETA: 0s - loss: 0.0408 - accuracy: 0.9878
265/469 [===============>..............] - ETA: 0s - loss: 0.0403 - accuracy: 0.9880
280/469 [================>.............] - ETA: 0s - loss: 0.0410 - accuracy: 0.9879
296/469 [=================>............] - ETA: 0s - loss: 0.0407 - accuracy: 0.9879
311/469 [==================>...........] - ETA: 0s - loss: 0.0409 - accuracy: 0.9880
327/469 [===================>..........] - ETA: 0s - loss: 0.0418 - accuracy: 0.9879
342/469 [====================>.........] - ETA: 0s - loss: 0.0418 - accuracy: 0.9879
357/469 [=====================>........] - ETA: 0s - loss: 0.0414 - accuracy: 0.9881
372/469 [======================>.......] - ETA: 0s - loss: 0.0415 - accuracy: 0.9880
388/469 [=======================>......] - ETA: 0s - loss: 0.0421 - accuracy: 0.9879
403/469 [========================>.....] - ETA: 0s - loss: 0.0424 - accuracy: 0.9877
418/469 [=========================>....] - ETA: 0s - loss: 0.0423 - accuracy: 0.9877
434/469 [==========================>...] - ETA: 0s - loss: 0.0425 - accuracy: 0.9875
449/469 [===========================>..] - ETA: 0s - loss: 0.0438 - accuracy: 0.9873
465/469 [============================>.] - ETA: 0s - loss: 0.0435 - accuracy: 0.9874
469/469 [==============================] - 2s 4ms/step - loss: 0.0435 - accuracy: 0.9874 - val_loss: 0.0710 - val_accuracy: 0.9823
Epoch 7/20

  1/469 [..............................] - ETA: 0s - loss: 0.0332 - accuracy: 0.9922
 17/469 [>.............................] - ETA: 1s - loss: 0.0250 - accuracy: 0.9908
 33/469 [=>............................] - ETA: 1s - loss: 0.0267 - accuracy: 0.9903
 49/469 [==>...........................] - ETA: 1s - loss: 0.0271 - accuracy: 0.9909
 64/469 [===>..........................] - ETA: 1s - loss: 0.0340 - accuracy: 0.9897
 79/469 [====>.........................] - ETA: 1s - loss: 0.0352 - accuracy: 0.9898
 95/469 [=====>........................] - ETA: 1s - loss: 0.0356 - accuracy: 0.9899
111/469 [======>.......................] - ETA: 1s - loss: 0.0335 - accuracy: 0.9904
125/469 [======>.......................] - ETA: 1s - loss: 0.0343 - accuracy: 0.9902
140/469 [=======>......................] - ETA: 1s - loss: 0.0360 - accuracy: 0.9897
155/469 [========>.....................] - ETA: 1s - loss: 0.0342 - accuracy: 0.9901
171/469 [=========>....................] - ETA: 0s - loss: 0.0356 - accuracy: 0.9896
186/469 [==========>...................] - ETA: 0s - loss: 0.0349 - accuracy: 0.9897
202/469 [===========>..................] - ETA: 0s - loss: 0.0348 - accuracy: 0.9898
218/469 [============>.................] - ETA: 0s - loss: 0.0369 - accuracy: 0.9890
234/469 [=============>................] - ETA: 0s - loss: 0.0364 - accuracy: 0.9892
250/469 [==============>...............] - ETA: 0s - loss: 0.0365 - accuracy: 0.9892
266/469 [================>.............] - ETA: 0s - loss: 0.0381 - accuracy: 0.9888
282/469 [=================>............] - ETA: 0s - loss: 0.0377 - accuracy: 0.9888
298/469 [==================>...........] - ETA: 0s - loss: 0.0388 - accuracy: 0.9888
313/469 [===================>..........] - ETA: 0s - loss: 0.0387 - accuracy: 0.9887
329/469 [====================>.........] - ETA: 0s - loss: 0.0387 - accuracy: 0.9888
343/469 [====================>.........] - ETA: 0s - loss: 0.0387 - accuracy: 0.9888
357/469 [=====================>........] - ETA: 0s - loss: 0.0391 - accuracy: 0.9887
373/469 [======================>.......] - ETA: 0s - loss: 0.0391 - accuracy: 0.9886
387/469 [=======================>......] - ETA: 0s - loss: 0.0388 - accuracy: 0.9887
401/469 [========================>.....] - ETA: 0s - loss: 0.0383 - accuracy: 0.9888
414/469 [=========================>....] - ETA: 0s - loss: 0.0385 - accuracy: 0.9888
426/469 [==========================>...] - ETA: 0s - loss: 0.0385 - accuracy: 0.9888
436/469 [==========================>...] - ETA: 0s - loss: 0.0386 - accuracy: 0.9887
448/469 [===========================>..] - ETA: 0s - loss: 0.0388 - accuracy: 0.9887
461/469 [============================>.] - ETA: 0s - loss: 0.0385 - accuracy: 0.9888
469/469 [==============================] - 2s 4ms/step - loss: 0.0384 - accuracy: 0.9888 - val_loss: 0.0806 - val_accuracy: 0.9813
Epoch 8/20

  1/469 [..............................] - ETA: 0s - loss: 0.0757 - accuracy: 0.9766
 16/469 [>.............................] - ETA: 1s - loss: 0.0269 - accuracy: 0.9917
 30/469 [>.............................] - ETA: 1s - loss: 0.0277 - accuracy: 0.9914
 45/469 [=>............................] - ETA: 1s - loss: 0.0278 - accuracy: 0.9920
 61/469 [==>...........................] - ETA: 1s - loss: 0.0304 - accuracy: 0.9912
 75/469 [===>..........................] - ETA: 1s - loss: 0.0345 - accuracy: 0.9899
 90/469 [====>.........................] - ETA: 1s - loss: 0.0338 - accuracy: 0.9901
104/469 [=====>........................] - ETA: 1s - loss: 0.0340 - accuracy: 0.9899
117/469 [======>.......................] - ETA: 1s - loss: 0.0321 - accuracy: 0.9901
132/469 [=======>......................] - ETA: 1s - loss: 0.0306 - accuracy: 0.9905
148/469 [========>.....................] - ETA: 1s - loss: 0.0303 - accuracy: 0.9908
163/469 [=========>....................] - ETA: 1s - loss: 0.0310 - accuracy: 0.9907
177/469 [==========>...................] - ETA: 1s - loss: 0.0324 - accuracy: 0.9904
190/469 [===========>..................] - ETA: 0s - loss: 0.0327 - accuracy: 0.9904
205/469 [============>.................] - ETA: 0s - loss: 0.0323 - accuracy: 0.9904
220/469 [=============>................] - ETA: 0s - loss: 0.0322 - accuracy: 0.9903
236/469 [==============>...............] - ETA: 0s - loss: 0.0328 - accuracy: 0.9902
252/469 [===============>..............] - ETA: 0s - loss: 0.0332 - accuracy: 0.9902
268/469 [================>.............] - ETA: 0s - loss: 0.0328 - accuracy: 0.9903
283/469 [=================>............] - ETA: 0s - loss: 0.0326 - accuracy: 0.9902
299/469 [==================>...........] - ETA: 0s - loss: 0.0325 - accuracy: 0.9901
315/469 [===================>..........] - ETA: 0s - loss: 0.0326 - accuracy: 0.9903
331/469 [====================>.........] - ETA: 0s - loss: 0.0329 - accuracy: 0.9902
347/469 [=====================>........] - ETA: 0s - loss: 0.0330 - accuracy: 0.9900
363/469 [======================>.......] - ETA: 0s - loss: 0.0331 - accuracy: 0.9900
379/469 [=======================>......] - ETA: 0s - loss: 0.0327 - accuracy: 0.9901
395/469 [========================>.....] - ETA: 0s - loss: 0.0335 - accuracy: 0.9899
411/469 [=========================>....] - ETA: 0s - loss: 0.0332 - accuracy: 0.9900
427/469 [==========================>...] - ETA: 0s - loss: 0.0333 - accuracy: 0.9899
442/469 [===========================>..] - ETA: 0s - loss: 0.0335 - accuracy: 0.9900
458/469 [============================>.] - ETA: 0s - loss: 0.0341 - accuracy: 0.9898
469/469 [==============================] - 2s 4ms/step - loss: 0.0344 - accuracy: 0.9898 - val_loss: 0.0817 - val_accuracy: 0.9834
Epoch 9/20

  1/469 [..............................] - ETA: 0s - loss: 0.0866 - accuracy: 0.9766
 17/469 [>.............................] - ETA: 1s - loss: 0.0273 - accuracy: 0.9922
 32/469 [=>............................] - ETA: 1s - loss: 0.0310 - accuracy: 0.9917
 47/469 [==>...........................] - ETA: 1s - loss: 0.0295 - accuracy: 0.9915
 62/469 [==>...........................] - ETA: 1s - loss: 0.0282 - accuracy: 0.9917
 77/469 [===>..........................] - ETA: 1s - loss: 0.0293 - accuracy: 0.9914
 92/469 [====>.........................] - ETA: 1s - loss: 0.0285 - accuracy: 0.9917
108/469 [=====>........................] - ETA: 1s - loss: 0.0274 - accuracy: 0.9917
124/469 [======>.......................] - ETA: 1s - loss: 0.0287 - accuracy: 0.9913
140/469 [=======>......................] - ETA: 1s - loss: 0.0281 - accuracy: 0.9914
156/469 [========>.....................] - ETA: 1s - loss: 0.0278 - accuracy: 0.9915
171/469 [=========>....................] - ETA: 0s - loss: 0.0290 - accuracy: 0.9912
187/469 [==========>...................] - ETA: 0s - loss: 0.0296 - accuracy: 0.9910
203/469 [===========>..................] - ETA: 0s - loss: 0.0295 - accuracy: 0.9909
218/469 [============>.................] - ETA: 0s - loss: 0.0285 - accuracy: 0.9912
233/469 [=============>................] - ETA: 0s - loss: 0.0285 - accuracy: 0.9912
248/469 [==============>...............] - ETA: 0s - loss: 0.0289 - accuracy: 0.9911
264/469 [===============>..............] - ETA: 0s - loss: 0.0285 - accuracy: 0.9912
279/469 [================>.............] - ETA: 0s - loss: 0.0297 - accuracy: 0.9910
294/469 [=================>............] - ETA: 0s - loss: 0.0295 - accuracy: 0.9910
309/469 [==================>...........] - ETA: 0s - loss: 0.0293 - accuracy: 0.9910
325/469 [===================>..........] - ETA: 0s - loss: 0.0302 - accuracy: 0.9909
340/469 [====================>.........] - ETA: 0s - loss: 0.0300 - accuracy: 0.9910
355/469 [=====================>........] - ETA: 0s - loss: 0.0304 - accuracy: 0.9909
370/469 [======================>.......] - ETA: 0s - loss: 0.0295 - accuracy: 0.9912
386/469 [=======================>......] - ETA: 0s - loss: 0.0301 - accuracy: 0.9911
401/469 [========================>.....] - ETA: 0s - loss: 0.0299 - accuracy: 0.9911
417/469 [=========================>....] - ETA: 0s - loss: 0.0308 - accuracy: 0.9910
432/469 [==========================>...] - ETA: 0s - loss: 0.0307 - accuracy: 0.9910
447/469 [===========================>..] - ETA: 0s - loss: 0.0310 - accuracy: 0.9910
463/469 [============================>.] - ETA: 0s - loss: 0.0308 - accuracy: 0.9911
469/469 [==============================] - 2s 4ms/step - loss: 0.0308 - accuracy: 0.9911 - val_loss: 0.0829 - val_accuracy: 0.9823
Epoch 10/20

  1/469 [..............................] - ETA: 0s - loss: 0.0044 - accuracy: 1.0000
 17/469 [>.............................] - ETA: 1s - loss: 0.0151 - accuracy: 0.9959
 31/469 [>.............................] - ETA: 1s - loss: 0.0202 - accuracy: 0.9942
 47/469 [==>...........................] - ETA: 1s - loss: 0.0190 - accuracy: 0.9942
 63/469 [===>..........................] - ETA: 1s - loss: 0.0201 - accuracy: 0.9938
 79/469 [====>.........................] - ETA: 1s - loss: 0.0207 - accuracy: 0.9933
 95/469 [=====>........................] - ETA: 1s - loss: 0.0224 - accuracy: 0.9931
111/469 [======>.......................] - ETA: 1s - loss: 0.0222 - accuracy: 0.9930
127/469 [=======>......................] - ETA: 1s - loss: 0.0222 - accuracy: 0.9930
143/469 [========>.....................] - ETA: 1s - loss: 0.0243 - accuracy: 0.9925
159/469 [=========>....................] - ETA: 1s - loss: 0.0259 - accuracy: 0.9924
175/469 [==========>...................] - ETA: 0s - loss: 0.0262 - accuracy: 0.9923
191/469 [===========>..................] - ETA: 0s - loss: 0.0259 - accuracy: 0.9924
207/469 [============>.................] - ETA: 0s - loss: 0.0252 - accuracy: 0.9926
223/469 [=============>................] - ETA: 0s - loss: 0.0260 - accuracy: 0.9925
239/469 [==============>...............] - ETA: 0s - loss: 0.0259 - accuracy: 0.9926
255/469 [===============>..............] - ETA: 0s - loss: 0.0259 - accuracy: 0.9928
271/469 [================>.............] - ETA: 0s - loss: 0.0254 - accuracy: 0.9929
287/469 [=================>............] - ETA: 0s - loss: 0.0269 - accuracy: 0.9928
302/469 [==================>...........] - ETA: 0s - loss: 0.0285 - accuracy: 0.9924
318/469 [===================>..........] - ETA: 0s - loss: 0.0285 - accuracy: 0.9924
334/469 [====================>.........] - ETA: 0s - loss: 0.0282 - accuracy: 0.9923
349/469 [=====================>........] - ETA: 0s - loss: 0.0290 - accuracy: 0.9919
364/469 [======================>.......] - ETA: 0s - loss: 0.0290 - accuracy: 0.9919
380/469 [=======================>......] - ETA: 0s - loss: 0.0288 - accuracy: 0.9919
395/469 [========================>.....] - ETA: 0s - loss: 0.0293 - accuracy: 0.9916
411/469 [=========================>....] - ETA: 0s - loss: 0.0302 - accuracy: 0.9914
428/469 [==========================>...] - ETA: 0s - loss: 0.0299 - accuracy: 0.9915
444/469 [===========================>..] - ETA: 0s - loss: 0.0304 - accuracy: 0.9914
459/469 [============================>.] - ETA: 0s - loss: 0.0300 - accuracy: 0.9915
469/469 [==============================] - 2s 4ms/step - loss: 0.0306 - accuracy: 0.9913 - val_loss: 0.0822 - val_accuracy: 0.9826
Epoch 11/20

  1/469 [..............................] - ETA: 0s - loss: 0.0090 - accuracy: 1.0000
 17/469 [>.............................] - ETA: 1s - loss: 0.0176 - accuracy: 0.9954
 33/469 [=>............................] - ETA: 1s - loss: 0.0169 - accuracy: 0.9948
 49/469 [==>...........................] - ETA: 1s - loss: 0.0191 - accuracy: 0.9941
 64/469 [===>..........................] - ETA: 1s - loss: 0.0201 - accuracy: 0.9941
 80/469 [====>.........................] - ETA: 1s - loss: 0.0203 - accuracy: 0.9941
 96/469 [=====>........................] - ETA: 1s - loss: 0.0212 - accuracy: 0.9937
112/469 [======>.......................] - ETA: 1s - loss: 0.0223 - accuracy: 0.9934
127/469 [=======>......................] - ETA: 1s - loss: 0.0217 - accuracy: 0.9936
141/469 [========>.....................] - ETA: 1s - loss: 0.0222 - accuracy: 0.9936
157/469 [=========>....................] - ETA: 1s - loss: 0.0235 - accuracy: 0.9932
172/469 [==========>...................] - ETA: 0s - loss: 0.0232 - accuracy: 0.9933
187/469 [==========>...................] - ETA: 0s - loss: 0.0241 - accuracy: 0.9931
202/469 [===========>..................] - ETA: 0s - loss: 0.0238 - accuracy: 0.9930
216/469 [============>.................] - ETA: 0s - loss: 0.0237 - accuracy: 0.9929
232/469 [=============>................] - ETA: 0s - loss: 0.0239 - accuracy: 0.9928
248/469 [==============>...............] - ETA: 0s - loss: 0.0245 - accuracy: 0.9926
263/469 [===============>..............] - ETA: 0s - loss: 0.0243 - accuracy: 0.9925
279/469 [================>.............] - ETA: 0s - loss: 0.0249 - accuracy: 0.9924
295/469 [=================>............] - ETA: 0s - loss: 0.0244 - accuracy: 0.9926
311/469 [==================>...........] - ETA: 0s - loss: 0.0244 - accuracy: 0.9926
326/469 [===================>..........] - ETA: 0s - loss: 0.0245 - accuracy: 0.9926
342/469 [====================>.........] - ETA: 0s - loss: 0.0244 - accuracy: 0.9926
358/469 [=====================>........] - ETA: 0s - loss: 0.0248 - accuracy: 0.9925
374/469 [======================>.......] - ETA: 0s - loss: 0.0249 - accuracy: 0.9924
390/469 [=======================>......] - ETA: 0s - loss: 0.0250 - accuracy: 0.9923
405/469 [========================>.....] - ETA: 0s - loss: 0.0257 - accuracy: 0.9922
420/469 [=========================>....] - ETA: 0s - loss: 0.0255 - accuracy: 0.9922
436/469 [==========================>...] - ETA: 0s - loss: 0.0259 - accuracy: 0.9921
451/469 [===========================>..] - ETA: 0s - loss: 0.0258 - accuracy: 0.9921
467/469 [============================>.] - ETA: 0s - loss: 0.0257 - accuracy: 0.9921
469/469 [==============================] - 2s 4ms/step - loss: 0.0256 - accuracy: 0.9922 - val_loss: 0.0831 - val_accuracy: 0.9839
Epoch 12/20

  1/469 [..............................] - ETA: 0s - loss: 0.0111 - accuracy: 0.9922
 16/469 [>.............................] - ETA: 1s - loss: 0.0173 - accuracy: 0.9951
 32/469 [=>............................] - ETA: 1s - loss: 0.0183 - accuracy: 0.9954
 48/469 [==>...........................] - ETA: 1s - loss: 0.0175 - accuracy: 0.9954
 64/469 [===>..........................] - ETA: 1s - loss: 0.0192 - accuracy: 0.9949
 80/469 [====>.........................] - ETA: 1s - loss: 0.0197 - accuracy: 0.9943
 96/469 [=====>........................] - ETA: 1s - loss: 0.0199 - accuracy: 0.9942
112/469 [======>.......................] - ETA: 1s - loss: 0.0231 - accuracy: 0.9936
128/469 [=======>......................] - ETA: 1s - loss: 0.0215 - accuracy: 0.9939
144/469 [========>.....................] - ETA: 1s - loss: 0.0226 - accuracy: 0.9937
160/469 [=========>....................] - ETA: 1s - loss: 0.0220 - accuracy: 0.9937
176/469 [==========>...................] - ETA: 0s - loss: 0.0220 - accuracy: 0.9937
192/469 [===========>..................] - ETA: 0s - loss: 0.0224 - accuracy: 0.9938
206/469 [============>.................] - ETA: 0s - loss: 0.0225 - accuracy: 0.9938
222/469 [=============>................] - ETA: 0s - loss: 0.0226 - accuracy: 0.9938
238/469 [==============>...............] - ETA: 0s - loss: 0.0226 - accuracy: 0.9938
254/469 [===============>..............] - ETA: 0s - loss: 0.0227 - accuracy: 0.9937
270/469 [================>.............] - ETA: 0s - loss: 0.0234 - accuracy: 0.9934
286/469 [=================>............] - ETA: 0s - loss: 0.0239 - accuracy: 0.9934
302/469 [==================>...........] - ETA: 0s - loss: 0.0236 - accuracy: 0.9934
318/469 [===================>..........] - ETA: 0s - loss: 0.0236 - accuracy: 0.9934
334/469 [====================>.........] - ETA: 0s - loss: 0.0238 - accuracy: 0.9933
349/469 [=====================>........] - ETA: 0s - loss: 0.0236 - accuracy: 0.9933
365/469 [======================>.......] - ETA: 0s - loss: 0.0240 - accuracy: 0.9932
381/469 [=======================>......] - ETA: 0s - loss: 0.0245 - accuracy: 0.9930
397/469 [========================>.....] - ETA: 0s - loss: 0.0252 - accuracy: 0.9930
413/469 [=========================>....] - ETA: 0s - loss: 0.0250 - accuracy: 0.9931
429/469 [==========================>...] - ETA: 0s - loss: 0.0251 - accuracy: 0.9930
445/469 [===========================>..] - ETA: 0s - loss: 0.0252 - accuracy: 0.9930
461/469 [============================>.] - ETA: 0s - loss: 0.0255 - accuracy: 0.9929
469/469 [==============================] - 2s 4ms/step - loss: 0.0253 - accuracy: 0.9929 - val_loss: 0.1000 - val_accuracy: 0.9820
Epoch 13/20

  1/469 [..............................] - ETA: 0s - loss: 0.0191 - accuracy: 0.9844
 17/469 [>.............................] - ETA: 1s - loss: 0.0132 - accuracy: 0.9945
 32/469 [=>............................] - ETA: 1s - loss: 0.0123 - accuracy: 0.9954
 48/469 [==>...........................] - ETA: 1s - loss: 0.0149 - accuracy: 0.9948
 63/469 [===>..........................] - ETA: 1s - loss: 0.0149 - accuracy: 0.9947
 80/469 [====>.........................] - ETA: 1s - loss: 0.0158 - accuracy: 0.9945
 96/469 [=====>........................] - ETA: 1s - loss: 0.0175 - accuracy: 0.9940
111/469 [======>.......................] - ETA: 1s - loss: 0.0171 - accuracy: 0.9942
127/469 [=======>......................] - ETA: 1s - loss: 0.0181 - accuracy: 0.9941
143/469 [========>.....................] - ETA: 1s - loss: 0.0192 - accuracy: 0.9940
158/469 [=========>....................] - ETA: 1s - loss: 0.0194 - accuracy: 0.9940
174/469 [==========>...................] - ETA: 0s - loss: 0.0207 - accuracy: 0.9938
190/469 [===========>..................] - ETA: 0s - loss: 0.0211 - accuracy: 0.9937
206/469 [============>.................] - ETA: 0s - loss: 0.0209 - accuracy: 0.9936
222/469 [=============>................] - ETA: 0s - loss: 0.0220 - accuracy: 0.9932
238/469 [==============>...............] - ETA: 0s - loss: 0.0226 - accuracy: 0.9931
254/469 [===============>..............] - ETA: 0s - loss: 0.0233 - accuracy: 0.9929
270/469 [================>.............] - ETA: 0s - loss: 0.0238 - accuracy: 0.9928
286/469 [=================>............] - ETA: 0s - loss: 0.0241 - accuracy: 0.9928
300/469 [==================>...........] - ETA: 0s - loss: 0.0238 - accuracy: 0.9929
316/469 [===================>..........] - ETA: 0s - loss: 0.0235 - accuracy: 0.9930
332/469 [====================>.........] - ETA: 0s - loss: 0.0237 - accuracy: 0.9930
348/469 [=====================>........] - ETA: 0s - loss: 0.0239 - accuracy: 0.9930
363/469 [======================>.......] - ETA: 0s - loss: 0.0236 - accuracy: 0.9931
378/469 [=======================>......] - ETA: 0s - loss: 0.0239 - accuracy: 0.9931
394/469 [========================>.....] - ETA: 0s - loss: 0.0241 - accuracy: 0.9930
410/469 [=========================>....] - ETA: 0s - loss: 0.0239 - accuracy: 0.9929
425/469 [==========================>...] - ETA: 0s - loss: 0.0240 - accuracy: 0.9930
441/469 [===========================>..] - ETA: 0s - loss: 0.0243 - accuracy: 0.9930
456/469 [============================>.] - ETA: 0s - loss: 0.0247 - accuracy: 0.9929
469/469 [==============================] - 2s 4ms/step - loss: 0.0250 - accuracy: 0.9929 - val_loss: 0.0964 - val_accuracy: 0.9834
Epoch 14/20

  1/469 [..............................] - ETA: 0s - loss: 0.0132 - accuracy: 0.9922
 17/469 [>.............................] - ETA: 1s - loss: 0.0238 - accuracy: 0.9903
 33/469 [=>............................] - ETA: 1s - loss: 0.0187 - accuracy: 0.9934
 48/469 [==>...........................] - ETA: 1s - loss: 0.0212 - accuracy: 0.9932
 64/469 [===>..........................] - ETA: 1s - loss: 0.0259 - accuracy: 0.9927
 78/469 [===>..........................] - ETA: 1s - loss: 0.0250 - accuracy: 0.9927
 93/469 [====>.........................] - ETA: 1s - loss: 0.0237 - accuracy: 0.9928
109/469 [=====>........................] - ETA: 1s - loss: 0.0220 - accuracy: 0.9935
125/469 [======>.......................] - ETA: 1s - loss: 0.0210 - accuracy: 0.9937
140/469 [=======>......................] - ETA: 1s - loss: 0.0220 - accuracy: 0.9935
155/469 [========>.....................] - ETA: 1s - loss: 0.0224 - accuracy: 0.9934
171/469 [=========>....................] - ETA: 0s - loss: 0.0223 - accuracy: 0.9936
186/469 [==========>...................] - ETA: 0s - loss: 0.0214 - accuracy: 0.9937
200/469 [===========>..................] - ETA: 0s - loss: 0.0214 - accuracy: 0.9937
215/469 [============>.................] - ETA: 0s - loss: 0.0220 - accuracy: 0.9937
230/469 [=============>................] - ETA: 0s - loss: 0.0217 - accuracy: 0.9938
246/469 [==============>...............] - ETA: 0s - loss: 0.0212 - accuracy: 0.9939
262/469 [===============>..............] - ETA: 0s - loss: 0.0211 - accuracy: 0.9940
277/469 [================>.............] - ETA: 0s - loss: 0.0219 - accuracy: 0.9939
292/469 [=================>............] - ETA: 0s - loss: 0.0220 - accuracy: 0.9940
308/469 [==================>...........] - ETA: 0s - loss: 0.0228 - accuracy: 0.9938
324/469 [===================>..........] - ETA: 0s - loss: 0.0222 - accuracy: 0.9939
340/469 [====================>.........] - ETA: 0s - loss: 0.0216 - accuracy: 0.9940
356/469 [=====================>........] - ETA: 0s - loss: 0.0223 - accuracy: 0.9939
371/469 [======================>.......] - ETA: 0s - loss: 0.0228 - accuracy: 0.9937
386/469 [=======================>......] - ETA: 0s - loss: 0.0226 - accuracy: 0.9938
402/469 [========================>.....] - ETA: 0s - loss: 0.0235 - accuracy: 0.9937
416/469 [=========================>....] - ETA: 0s - loss: 0.0235 - accuracy: 0.9937
432/469 [==========================>...] - ETA: 0s - loss: 0.0236 - accuracy: 0.9937
447/469 [===========================>..] - ETA: 0s - loss: 0.0240 - accuracy: 0.9936
463/469 [============================>.] - ETA: 0s - loss: 0.0236 - accuracy: 0.9938
469/469 [==============================] - 2s 4ms/step - loss: 0.0234 - accuracy: 0.9938 - val_loss: 0.0967 - val_accuracy: 0.9823
Epoch 15/20

  1/469 [..............................] - ETA: 0s - loss: 0.0219 - accuracy: 0.9922
 17/469 [>.............................] - ETA: 1s - loss: 0.0256 - accuracy: 0.9922
 33/469 [=>............................] - ETA: 1s - loss: 0.0218 - accuracy: 0.9936
 49/469 [==>...........................] - ETA: 1s - loss: 0.0238 - accuracy: 0.9935
 65/469 [===>..........................] - ETA: 1s - loss: 0.0228 - accuracy: 0.9936
 80/469 [====>.........................] - ETA: 1s - loss: 0.0228 - accuracy: 0.9937
 94/469 [=====>........................] - ETA: 1s - loss: 0.0209 - accuracy: 0.9939
110/469 [======>.......................] - ETA: 1s - loss: 0.0205 - accuracy: 0.9939
126/469 [=======>......................] - ETA: 1s - loss: 0.0202 - accuracy: 0.9941
142/469 [========>.....................] - ETA: 1s - loss: 0.0201 - accuracy: 0.9943
157/469 [=========>....................] - ETA: 1s - loss: 0.0191 - accuracy: 0.9943
173/469 [==========>...................] - ETA: 0s - loss: 0.0183 - accuracy: 0.9946
188/469 [===========>..................] - ETA: 0s - loss: 0.0185 - accuracy: 0.9946
204/469 [============>.................] - ETA: 0s - loss: 0.0195 - accuracy: 0.9946
220/469 [=============>................] - ETA: 0s - loss: 0.0192 - accuracy: 0.9947
236/469 [==============>...............] - ETA: 0s - loss: 0.0191 - accuracy: 0.9946
249/469 [==============>...............] - ETA: 0s - loss: 0.0197 - accuracy: 0.9945
260/469 [===============>..............] - ETA: 0s - loss: 0.0196 - accuracy: 0.9945
273/469 [================>.............] - ETA: 0s - loss: 0.0198 - accuracy: 0.9944
289/469 [=================>............] - ETA: 0s - loss: 0.0202 - accuracy: 0.9943
305/469 [==================>...........] - ETA: 0s - loss: 0.0196 - accuracy: 0.9944
321/469 [===================>..........] - ETA: 0s - loss: 0.0198 - accuracy: 0.9943
336/469 [====================>.........] - ETA: 0s - loss: 0.0205 - accuracy: 0.9942
352/469 [=====================>........] - ETA: 0s - loss: 0.0198 - accuracy: 0.9944
368/469 [======================>.......] - ETA: 0s - loss: 0.0199 - accuracy: 0.9943
383/469 [=======================>......] - ETA: 0s - loss: 0.0201 - accuracy: 0.9942
398/469 [========================>.....] - ETA: 0s - loss: 0.0201 - accuracy: 0.9942
414/469 [=========================>....] - ETA: 0s - loss: 0.0202 - accuracy: 0.9942
428/469 [==========================>...] - ETA: 0s - loss: 0.0201 - accuracy: 0.9943
443/469 [===========================>..] - ETA: 0s - loss: 0.0201 - accuracy: 0.9942
458/469 [============================>.] - ETA: 0s - loss: 0.0205 - accuracy: 0.9941
469/469 [==============================] - 2s 4ms/step - loss: 0.0203 - accuracy: 0.9941 - val_loss: 0.0964 - val_accuracy: 0.9857
Epoch 16/20

  1/469 [..............................] - ETA: 0s - loss: 0.0168 - accuracy: 0.9922
 15/469 [..............................] - ETA: 1s - loss: 0.0129 - accuracy: 0.9958
 29/469 [>.............................] - ETA: 1s - loss: 0.0106 - accuracy: 0.9962
 44/469 [=>............................] - ETA: 1s - loss: 0.0146 - accuracy: 0.9947
 60/469 [==>...........................] - ETA: 1s - loss: 0.0147 - accuracy: 0.9953
 76/469 [===>..........................] - ETA: 1s - loss: 0.0139 - accuracy: 0.9956
 91/469 [====>.........................] - ETA: 1s - loss: 0.0160 - accuracy: 0.9950
106/469 [=====>........................] - ETA: 1s - loss: 0.0152 - accuracy: 0.9952
121/469 [======>.......................] - ETA: 1s - loss: 0.0162 - accuracy: 0.9952
137/469 [=======>......................] - ETA: 1s - loss: 0.0180 - accuracy: 0.9947
152/469 [========>.....................] - ETA: 1s - loss: 0.0172 - accuracy: 0.9948
168/469 [=========>....................] - ETA: 1s - loss: 0.0184 - accuracy: 0.9947
184/469 [==========>...................] - ETA: 0s - loss: 0.0186 - accuracy: 0.9947
200/469 [===========>..................] - ETA: 0s - loss: 0.0191 - accuracy: 0.9945
216/469 [============>.................] - ETA: 0s - loss: 0.0188 - accuracy: 0.9945
230/469 [=============>................] - ETA: 0s - loss: 0.0191 - accuracy: 0.9945
246/469 [==============>...............] - ETA: 0s - loss: 0.0187 - accuracy: 0.9946
262/469 [===============>..............] - ETA: 0s - loss: 0.0196 - accuracy: 0.9944
278/469 [================>.............] - ETA: 0s - loss: 0.0205 - accuracy: 0.9944
293/469 [=================>............] - ETA: 0s - loss: 0.0213 - accuracy: 0.9943
309/469 [==================>...........] - ETA: 0s - loss: 0.0213 - accuracy: 0.9943
325/469 [===================>..........] - ETA: 0s - loss: 0.0221 - accuracy: 0.9941
340/469 [====================>.........] - ETA: 0s - loss: 0.0221 - accuracy: 0.9940
356/469 [=====================>........] - ETA: 0s - loss: 0.0227 - accuracy: 0.9939
372/469 [======================>.......] - ETA: 0s - loss: 0.0224 - accuracy: 0.9939
388/469 [=======================>......] - ETA: 0s - loss: 0.0223 - accuracy: 0.9940
404/469 [========================>.....] - ETA: 0s - loss: 0.0222 - accuracy: 0.9940
420/469 [=========================>....] - ETA: 0s - loss: 0.0220 - accuracy: 0.9941
436/469 [==========================>...] - ETA: 0s - loss: 0.0220 - accuracy: 0.9941
452/469 [===========================>..] - ETA: 0s - loss: 0.0217 - accuracy: 0.9941
468/469 [============================>.] - ETA: 0s - loss: 0.0216 - accuracy: 0.9941
469/469 [==============================] - 2s 4ms/step - loss: 0.0216 - accuracy: 0.9941 - val_loss: 0.1179 - val_accuracy: 0.9810
Epoch 17/20

  1/469 [..............................] - ETA: 0s - loss: 0.0649 - accuracy: 0.9922
 16/469 [>.............................] - ETA: 1s - loss: 0.0145 - accuracy: 0.9966
 32/469 [=>............................] - ETA: 1s - loss: 0.0148 - accuracy: 0.9961
 47/469 [==>...........................] - ETA: 1s - loss: 0.0175 - accuracy: 0.9955
 62/469 [==>...........................] - ETA: 1s - loss: 0.0175 - accuracy: 0.9955
 77/469 [===>..........................] - ETA: 1s - loss: 0.0177 - accuracy: 0.9952
 93/469 [====>.........................] - ETA: 1s - loss: 0.0158 - accuracy: 0.9955
109/469 [=====>........................] - ETA: 1s - loss: 0.0166 - accuracy: 0.9953
124/469 [======>.......................] - ETA: 1s - loss: 0.0177 - accuracy: 0.9953
139/469 [=======>......................] - ETA: 1s - loss: 0.0176 - accuracy: 0.9953
154/469 [========>.....................] - ETA: 1s - loss: 0.0182 - accuracy: 0.9949
168/469 [=========>....................] - ETA: 1s - loss: 0.0192 - accuracy: 0.9948
183/469 [==========>...................] - ETA: 0s - loss: 0.0191 - accuracy: 0.9947
198/469 [===========>..................] - ETA: 0s - loss: 0.0194 - accuracy: 0.9948
213/469 [============>.................] - ETA: 0s - loss: 0.0196 - accuracy: 0.9946
229/469 [=============>................] - ETA: 0s - loss: 0.0197 - accuracy: 0.9947
245/469 [==============>...............] - ETA: 0s - loss: 0.0197 - accuracy: 0.9948
261/469 [===============>..............] - ETA: 0s - loss: 0.0196 - accuracy: 0.9948
276/469 [================>.............] - ETA: 0s - loss: 0.0193 - accuracy: 0.9949
290/469 [=================>............] - ETA: 0s - loss: 0.0191 - accuracy: 0.9949
303/469 [==================>...........] - ETA: 0s - loss: 0.0194 - accuracy: 0.9948
318/469 [===================>..........] - ETA: 0s - loss: 0.0197 - accuracy: 0.9947
333/469 [====================>.........] - ETA: 0s - loss: 0.0196 - accuracy: 0.9947
348/469 [=====================>........] - ETA: 0s - loss: 0.0196 - accuracy: 0.9947
362/469 [======================>.......] - ETA: 0s - loss: 0.0194 - accuracy: 0.9947
378/469 [=======================>......] - ETA: 0s - loss: 0.0192 - accuracy: 0.9947
392/469 [========================>.....] - ETA: 0s - loss: 0.0199 - accuracy: 0.9947
408/469 [=========================>....] - ETA: 0s - loss: 0.0199 - accuracy: 0.9946
423/469 [==========================>...] - ETA: 0s - loss: 0.0205 - accuracy: 0.9945
437/469 [==========================>...] - ETA: 0s - loss: 0.0205 - accuracy: 0.9945
452/469 [===========================>..] - ETA: 0s - loss: 0.0209 - accuracy: 0.9944
467/469 [============================>.] - ETA: 0s - loss: 0.0209 - accuracy: 0.9944
469/469 [==============================] - 2s 4ms/step - loss: 0.0209 - accuracy: 0.9944 - val_loss: 0.1076 - val_accuracy: 0.9822
Epoch 18/20

  1/469 [..............................] - ETA: 0s - loss: 0.0255 - accuracy: 0.9844
 15/469 [..............................] - ETA: 1s - loss: 0.0220 - accuracy: 0.9948
 31/469 [>.............................] - ETA: 1s - loss: 0.0176 - accuracy: 0.9942
 47/469 [==>...........................] - ETA: 1s - loss: 0.0181 - accuracy: 0.9942
 62/469 [==>...........................] - ETA: 1s - loss: 0.0173 - accuracy: 0.9946
 77/469 [===>..........................] - ETA: 1s - loss: 0.0165 - accuracy: 0.9947
 93/469 [====>.........................] - ETA: 1s - loss: 0.0163 - accuracy: 0.9946
107/469 [=====>........................] - ETA: 1s - loss: 0.0163 - accuracy: 0.9946
123/469 [======>.......................] - ETA: 1s - loss: 0.0154 - accuracy: 0.9950
138/469 [=======>......................] - ETA: 1s - loss: 0.0150 - accuracy: 0.9951
153/469 [========>.....................] - ETA: 1s - loss: 0.0150 - accuracy: 0.9952
168/469 [=========>....................] - ETA: 1s - loss: 0.0150 - accuracy: 0.9954
183/469 [==========>...................] - ETA: 0s - loss: 0.0156 - accuracy: 0.9953
198/469 [===========>..................] - ETA: 0s - loss: 0.0149 - accuracy: 0.9954
213/469 [============>.................] - ETA: 0s - loss: 0.0147 - accuracy: 0.9955
228/469 [=============>................] - ETA: 0s - loss: 0.0159 - accuracy: 0.9953
243/469 [==============>...............] - ETA: 0s - loss: 0.0156 - accuracy: 0.9955
259/469 [===============>..............] - ETA: 0s - loss: 0.0164 - accuracy: 0.9954
274/469 [================>.............] - ETA: 0s - loss: 0.0169 - accuracy: 0.9954
290/469 [=================>............] - ETA: 0s - loss: 0.0171 - accuracy: 0.9955
305/469 [==================>...........] - ETA: 0s - loss: 0.0173 - accuracy: 0.9954
321/469 [===================>..........] - ETA: 0s - loss: 0.0174 - accuracy: 0.9954
337/469 [====================>.........] - ETA: 0s - loss: 0.0170 - accuracy: 0.9955
352/469 [=====================>........] - ETA: 0s - loss: 0.0172 - accuracy: 0.9955
366/469 [======================>.......] - ETA: 0s - loss: 0.0177 - accuracy: 0.9954
382/469 [=======================>......] - ETA: 0s - loss: 0.0180 - accuracy: 0.9953
397/469 [========================>.....] - ETA: 0s - loss: 0.0187 - accuracy: 0.9952
413/469 [=========================>....] - ETA: 0s - loss: 0.0188 - accuracy: 0.9951
428/469 [==========================>...] - ETA: 0s - loss: 0.0192 - accuracy: 0.9950
444/469 [===========================>..] - ETA: 0s - loss: 0.0186 - accuracy: 0.9951
459/469 [============================>.] - ETA: 0s - loss: 0.0187 - accuracy: 0.9950
469/469 [==============================] - 2s 4ms/step - loss: 0.0186 - accuracy: 0.9951 - val_loss: 0.1234 - val_accuracy: 0.9831
Epoch 19/20

  1/469 [..............................] - ETA: 0s - loss: 0.0034 - accuracy: 1.0000
 17/469 [>.............................] - ETA: 1s - loss: 0.0093 - accuracy: 0.9986
 33/469 [=>............................] - ETA: 1s - loss: 0.0225 - accuracy: 0.9955
 49/469 [==>...........................] - ETA: 1s - loss: 0.0305 - accuracy: 0.9941
 64/469 [===>..........................] - ETA: 1s - loss: 0.0279 - accuracy: 0.9945
 80/469 [====>.........................] - ETA: 1s - loss: 0.0253 - accuracy: 0.9946
 96/469 [=====>........................] - ETA: 1s - loss: 0.0250 - accuracy: 0.9945
112/469 [======>.......................] - ETA: 1s - loss: 0.0240 - accuracy: 0.9945
126/469 [=======>......................] - ETA: 1s - loss: 0.0231 - accuracy: 0.9947
140/469 [=======>......................] - ETA: 1s - loss: 0.0226 - accuracy: 0.9946
155/469 [========>.....................] - ETA: 1s - loss: 0.0233 - accuracy: 0.9947
171/469 [=========>....................] - ETA: 1s - loss: 0.0224 - accuracy: 0.9948
186/469 [==========>...................] - ETA: 0s - loss: 0.0221 - accuracy: 0.9948
201/469 [===========>..................] - ETA: 0s - loss: 0.0222 - accuracy: 0.9948
217/469 [============>.................] - ETA: 0s - loss: 0.0211 - accuracy: 0.9949
233/469 [=============>................] - ETA: 0s - loss: 0.0203 - accuracy: 0.9951
248/469 [==============>...............] - ETA: 0s - loss: 0.0202 - accuracy: 0.9951
264/469 [===============>..............] - ETA: 0s - loss: 0.0201 - accuracy: 0.9951
279/469 [================>.............] - ETA: 0s - loss: 0.0208 - accuracy: 0.9949
293/469 [=================>............] - ETA: 0s - loss: 0.0203 - accuracy: 0.9949
306/469 [==================>...........] - ETA: 0s - loss: 0.0206 - accuracy: 0.9949
319/469 [===================>..........] - ETA: 0s - loss: 0.0214 - accuracy: 0.9947
332/469 [====================>.........] - ETA: 0s - loss: 0.0212 - accuracy: 0.9947
346/469 [=====================>........] - ETA: 0s - loss: 0.0211 - accuracy: 0.9947
361/469 [======================>.......] - ETA: 0s - loss: 0.0212 - accuracy: 0.9946
375/469 [======================>.......] - ETA: 0s - loss: 0.0213 - accuracy: 0.9946
387/469 [=======================>......] - ETA: 0s - loss: 0.0214 - accuracy: 0.9946
400/469 [========================>.....] - ETA: 0s - loss: 0.0214 - accuracy: 0.9946
415/469 [=========================>....] - ETA: 0s - loss: 0.0211 - accuracy: 0.9946
429/469 [==========================>...] - ETA: 0s - loss: 0.0210 - accuracy: 0.9946
444/469 [===========================>..] - ETA: 0s - loss: 0.0209 - accuracy: 0.9946
459/469 [============================>.] - ETA: 0s - loss: 0.0207 - accuracy: 0.9946
469/469 [==============================] - 2s 4ms/step - loss: 0.0209 - accuracy: 0.9946 - val_loss: 0.1223 - val_accuracy: 0.9843
Epoch 20/20

  1/469 [..............................] - ETA: 0s - loss: 0.0052 - accuracy: 1.0000
 16/469 [>.............................] - ETA: 1s - loss: 0.0182 - accuracy: 0.9961
 30/469 [>.............................] - ETA: 1s - loss: 0.0183 - accuracy: 0.9961
 43/469 [=>............................] - ETA: 1s - loss: 0.0170 - accuracy: 0.9960
 56/469 [==>...........................] - ETA: 1s - loss: 0.0139 - accuracy: 0.9967
 71/469 [===>..........................] - ETA: 1s - loss: 0.0136 - accuracy: 0.9967
 85/469 [====>.........................] - ETA: 1s - loss: 0.0137 - accuracy: 0.9965
 99/469 [=====>........................] - ETA: 1s - loss: 0.0144 - accuracy: 0.9966
113/469 [======>.......................] - ETA: 1s - loss: 0.0149 - accuracy: 0.9963
128/469 [=======>......................] - ETA: 1s - loss: 0.0181 - accuracy: 0.9958
142/469 [========>.....................] - ETA: 1s - loss: 0.0190 - accuracy: 0.9956
156/469 [========>.....................] - ETA: 1s - loss: 0.0188 - accuracy: 0.9955
171/469 [=========>....................] - ETA: 1s - loss: 0.0192 - accuracy: 0.9953
186/469 [==========>...................] - ETA: 1s - loss: 0.0190 - accuracy: 0.9952
201/469 [===========>..................] - ETA: 0s - loss: 0.0184 - accuracy: 0.9953
216/469 [============>.................] - ETA: 0s - loss: 0.0178 - accuracy: 0.9953
231/469 [=============>................] - ETA: 0s - loss: 0.0172 - accuracy: 0.9955
246/469 [==============>...............] - ETA: 0s - loss: 0.0180 - accuracy: 0.9954
261/469 [===============>..............] - ETA: 0s - loss: 0.0176 - accuracy: 0.9955
276/469 [================>.............] - ETA: 0s - loss: 0.0179 - accuracy: 0.9954
291/469 [=================>............] - ETA: 0s - loss: 0.0182 - accuracy: 0.9954
306/469 [==================>...........] - ETA: 0s - loss: 0.0186 - accuracy: 0.9954
321/469 [===================>..........] - ETA: 0s - loss: 0.0186 - accuracy: 0.9953
336/469 [====================>.........] - ETA: 0s - loss: 0.0184 - accuracy: 0.9953
351/469 [=====================>........] - ETA: 0s - loss: 0.0187 - accuracy: 0.9952
362/469 [======================>.......] - ETA: 0s - loss: 0.0187 - accuracy: 0.9953
373/469 [======================>.......] - ETA: 0s - loss: 0.0184 - accuracy: 0.9953
386/469 [=======================>......] - ETA: 0s - loss: 0.0182 - accuracy: 0.9953
399/469 [========================>.....] - ETA: 0s - loss: 0.0179 - accuracy: 0.9954
415/469 [=========================>....] - ETA: 0s - loss: 0.0176 - accuracy: 0.9954
431/469 [==========================>...] - ETA: 0s - loss: 0.0176 - accuracy: 0.9955
446/469 [===========================>..] - ETA: 0s - loss: 0.0178 - accuracy: 0.9954
461/469 [============================>.] - ETA: 0s - loss: 0.0177 - accuracy: 0.9954
469/469 [==============================] - 2s 4ms/step - loss: 0.0177 - accuracy: 0.9954 - val_loss: 0.1362 - val_accuracy: 0.9832
Test loss: 0.136244997382164
Test accuracy: 0.9832000136375427
